{
  "RSpec": {
    "coverage": {
      "/Users/Dora/Desktop/HypeWall/app/controllers/application_controller.rb": [
        1,
        null,
        null,
        1,
        null,
        1,
        0,
        null,
        null,
        1,
        0,
        null,
        null,
        1,
        3,
        2,
        2,
        null,
        null,
        null,
        null
      ],
      "/Users/Dora/Desktop/HypeWall/app/helpers/application_helper.rb": [
        1,
        1,
        0,
        null,
        null,
        1,
        0,
        null,
        null,
        1,
        0,
        null,
        null,
        1,
        0,
        null,
        null,
        1,
        0,
        null,
        null,
        null,
        1,
        0,
        null,
        null
      ],
      "/Users/Dora/Desktop/HypeWall/app/helpers/images_helper.rb": [
        1,
        null
      ],
      "/Users/Dora/Desktop/HypeWall/app/helpers/pages_helper.rb": [
        1,
        null
      ],
      "/Users/Dora/Desktop/HypeWall/app/helpers/walls_helper.rb": [
        1,
        null,
        1,
        0,
        0,
        null,
        null,
        null,
        null
      ],
      "/Users/Dora/Desktop/HypeWall/app/admin/dashboard.rb": [
        1,
        null,
        1,
        null,
        1,
        0,
        0,
        0,
        null,
        null,
        null,
        null
      ],
      "/Users/Dora/Desktop/HypeWall/app/admin/user.rb": [
        1,
        null,
        1,
        null,
        null,
        1,
        null,
        1,
        null,
        0,
        null,
        0,
        null,
        null,
        1,
        0,
        0,
        null,
        0,
        null,
        null,
        null,
        null
      ],
      "/Users/Dora/Desktop/HypeWall/app/models/user.rb": [
        1,
        null,
        null,
        1,
        1,
        null,
        1,
        1,
        1,
        null,
        1,
        1,
        1,
        1,
        null,
        null,
        1,
        6,
        null,
        null,
        1,
        0,
        null,
        null,
        1,
        null,
        1,
        1,
        null,
        null
      ],
      "/Users/Dora/Desktop/HypeWall/app/admin/wall.rb": [
        1,
        null,
        null,
        1,
        0,
        null,
        null,
        1,
        null,
        null,
        null,
        1,
        null,
        1,
        0,
        0,
        0,
        0,
        0,
        0,
        null,
        null,
        1,
        0,
        0,
        null,
        0,
        null,
        null
      ],
      "/Users/Dora/Desktop/HypeWall/app/models/wall.rb": [
        1,
        1,
        1,
        null,
        1,
        0,
        null,
        null,
        1,
        null,
        1,
        1,
        1,
        null,
        1,
        1,
        1,
        1,
        null,
        1,
        1,
        1,
        null,
        1,
        1,
        null,
        1,
        null,
        1,
        1,
        11,
        null,
        null,
        1,
        0,
        null,
        null,
        1,
        0,
        null,
        null,
        1,
        0,
        0,
        0,
        0,
        null,
        null,
        null,
        1,
        0,
        0,
        0,
        0,
        null,
        null,
        null,
        null,
        null,
        null,
        0,
        null,
        null,
        1,
        0,
        null,
        null,
        1,
        0,
        0,
        null,
        null,
        1,
        0,
        null,
        null,
        1,
        0,
        null,
        null,
        1,
        0,
        null,
        null,
        null
      ],
      "/Users/Dora/Desktop/HypeWall/app/admin/wall_role.rb": [
        1,
        null,
        1,
        null,
        1,
        null,
        1,
        0,
        0,
        null,
        null
      ],
      "/Users/Dora/Desktop/HypeWall/app/models/wall_role.rb": [
        1,
        1,
        1,
        null,
        1,
        1,
        null
      ],
      "/Users/Dora/Desktop/HypeWall/app/models/banned_user.rb": [
        1,
        1,
        null,
        1,
        1,
        null
      ],
      "/Users/Dora/Desktop/HypeWall/app/models/item.rb": [
        1,
        null,
        1,
        null,
        1,
        1,
        null,
        1,
        1,
        null,
        1,
        1,
        5,
        4,
        null,
        null,
        null,
        2,
        null,
        1,
        0,
        null,
        null,
        1,
        0,
        null,
        null
      ]
    },
    "timestamp": 1410869010
  }
}
